Using pre-set license
Built from '2020.3/staging' branch; Version is '2020.3.23f1 (c5d91304a876) revision 12966163'; Using compiler version '192528614'; Build Type 'Release'
OS: 'Windows 10 Home; OS build 19042.1415; Version 2009; 64bit' Language: 'fr' Physical Memory: 20380 MB
BatchMode: 1, IsHumanControllingUs: 0, StartBugReporterOnCrash: 0, Is64bit: 1, IsPro: 0

COMMAND LINE ARGUMENTS:
C:\Program Files\Unity\Hub\Editor\2020.3.23f1\Editor\Unity.exe
-adb2
-batchMode
-noUpm
-name
AssetImportWorker0
-projectPath
C:/Users/Pauline/Desktop/ESIEA/4A UFA/MAJEURE/Game Engine/shoot_em_up_project_v03/shoot_em_up_project_v02
-logFile
Logs/AssetImportWorker0.log
-srvPort
59342
Successfully changed project path to: C:/Users/Pauline/Desktop/ESIEA/4A UFA/MAJEURE/Game Engine/shoot_em_up_project_v03/shoot_em_up_project_v02
C:/Users/Pauline/Desktop/ESIEA/4A UFA/MAJEURE/Game Engine/shoot_em_up_project_v03/shoot_em_up_project_v02
Using Asset Import Pipeline V2.
Refreshing native plugins compatible for Editor in 62.90 ms, found 2 plugins.
Preloading 0 native plugins for Editor in 0.00 ms.
Initialize engine version: 2020.3.23f1 (c5d91304a876)
[Subsystems] Discovering subsystems at path C:/Program Files/Unity/Hub/Editor/2020.3.23f1/Editor/Data/Resources/UnitySubsystems
[Subsystems] Discovering subsystems at path C:/Users/Pauline/Desktop/ESIEA/4A UFA/MAJEURE/Game Engine/shoot_em_up_project_v03/shoot_em_up_project_v02/Assets
GfxDevice: creating device client; threaded=0
Direct3D:
    Version:  Direct3D 11.0 [level 11.0]
    Renderer: NVIDIA GeForce 940MX (ID=0x134d)
    Vendor:   
    VRAM:     2020 MB
    Driver:   22.21.13.8528
Initialize mono
Mono path[0] = 'C:/Program Files/Unity/Hub/Editor/2020.3.23f1/Editor/Data/Managed'
Mono path[1] = 'C:/Program Files/Unity/Hub/Editor/2020.3.23f1/Editor/Data/MonoBleedingEdge/lib/mono/unityjit'
Mono config path = 'C:/Program Files/Unity/Hub/Editor/2020.3.23f1/Editor/Data/MonoBleedingEdge/etc'
Using monoOptions --debugger-agent=transport=dt_socket,embedding=1,server=y,suspend=n,address=127.0.0.1:56936
Begin MonoManager ReloadAssembly
Registering precompiled unity dll's ...
Register platform support module: C:/Program Files/Unity/Hub/Editor/2020.3.23f1/Editor/Data/PlaybackEngines/WindowsStandaloneSupport/UnityEditor.WindowsStandalone.Extensions.dll
Registered in 0.002441 seconds.
Native extension for WindowsStandalone target not found
Refreshing native plugins compatible for Editor in 53.60 ms, found 2 plugins.
Preloading 0 native plugins for Editor in 0.00 ms.
Mono: successfully reloaded assembly
- Completed reload, in  0.649 seconds
Domain Reload Profiling:
	ReloadAssembly (649ms)
		BeginReloadAssembly (62ms)
			ExecutionOrderSort (0ms)
			DisableScriptedObjects (0ms)
			BackupInstance (0ms)
			ReleaseScriptingObjects (0ms)
			CreateAndSetChildDomain (1ms)
		EndReloadAssembly (507ms)
			LoadAssemblies (59ms)
			RebuildTransferFunctionScriptingTraits (0ms)
			SetupTypeCache (163ms)
			ReleaseScriptCaches (0ms)
			RebuildScriptCaches (37ms)
			SetupLoadedEditorAssemblies (195ms)
				LogAssemblyErrors (0ms)
				InitializePlatformSupportModulesInManaged (5ms)
				SetLoadedEditorAssemblies (0ms)
				RefreshPlugins (54ms)
				BeforeProcessingInitializeOnLoad (18ms)
				ProcessInitializeOnLoadAttributes (87ms)
				ProcessInitializeOnLoadMethodAttributes (31ms)
				AfterProcessingInitializeOnLoad (0ms)
				EditorAssembliesLoaded (0ms)
			ExecutionOrderSort2 (0ms)
			AwakeInstancesAfterBackupRestoration (0ms)
Platform modules already initialized, skipping
Registering precompiled user dll's ...
Registered in 0.005729 seconds.
Begin MonoManager ReloadAssembly
Native extension for WindowsStandalone target not found
Refreshing native plugins compatible for Editor in 0.63 ms, found 2 plugins.
Preloading 0 native plugins for Editor in 0.00 ms.
Mono: successfully reloaded assembly
- Completed reload, in  1.171 seconds
Domain Reload Profiling:
	ReloadAssembly (1172ms)
		BeginReloadAssembly (157ms)
			ExecutionOrderSort (0ms)
			DisableScriptedObjects (5ms)
			BackupInstance (0ms)
			ReleaseScriptingObjects (0ms)
			CreateAndSetChildDomain (21ms)
		EndReloadAssembly (947ms)
			LoadAssemblies (96ms)
			RebuildTransferFunctionScriptingTraits (0ms)
			SetupTypeCache (322ms)
			ReleaseScriptCaches (0ms)
			RebuildScriptCaches (47ms)
			SetupLoadedEditorAssemblies (382ms)
				LogAssemblyErrors (0ms)
				InitializePlatformSupportModulesInManaged (6ms)
				SetLoadedEditorAssemblies (1ms)
				RefreshPlugins (1ms)
				BeforeProcessingInitializeOnLoad (115ms)
				ProcessInitializeOnLoadAttributes (243ms)
				ProcessInitializeOnLoadMethodAttributes (10ms)
				AfterProcessingInitializeOnLoad (7ms)
				EditorAssembliesLoaded (0ms)
			ExecutionOrderSort2 (0ms)
			AwakeInstancesAfterBackupRestoration (7ms)
Platform modules already initialized, skipping
========================================================================
Worker process is ready to serve import requests
Launched and connected shader compiler UnityShaderCompiler.exe after 0.08 seconds
Refreshing native plugins compatible for Editor in 0.55 ms, found 2 plugins.
Preloading 0 native plugins for Editor in 0.00 ms.
Unloading 1560 Unused Serialized files (Serialized files now loaded: 0)
System memory in use before: 85.7 MB.
System memory in use after: 85.7 MB.

Unloading 19 unused Assets to reduce memory usage. Loaded Objects now: 2013.
Total: 3.012500 ms (FindLiveObjects: 0.177900 ms CreateObjectMapping: 0.052600 ms MarkObjects: 2.709100 ms  DeleteObjects: 0.071800 ms)

AssetImportParameters requested are different than current active one (requested -> active):
  custom:framework-win-MediaFoundation: 216162199b28c13a410421893ffa2e32 -> 
  custom:video-decoder-ogg-theora: a1e56fd34408186e4bbccfd4996cb3dc -> 
  custom:container-muxer-webm: aa71ff27fc2769a1b78a27578f13a17b -> 
  custom:container-demuxer-webm: 4f35f7cbe854078d1ac9338744f61a02 -> 
  custom:container-demuxer-ogg: 62fdf1f143b41e24485cea50d1cbac27 -> 
  custom:video-encoder-webm-vp8: eb34c28f22e8b96e1ab97ce403110664 -> 
  custom:video-codec-MediaFoundation-h265: 746d11721c4dcdbdad8f713fa42b33f4 -> 
  custom:video-decoder-webm-vp8: 9c59270c3fd7afecdb556c50c9e8de78 -> 
  custom:audio-decoder-ogg-vorbis: bf7c407c2cedff20999df2af8eb42d56 -> 
  custom:audio-encoder-webm-vorbis: bf7c407c2cedff20999df2af8eb42d56 -> 
========================================================================
Received Import Request.
  path: Assets/Scenes/GameScene.unity
  artifactKey: Guid(9fc0d4010bbf28b4594072e72b8655ab) Importer(815301076,1909f56bfc062723c751e8b465ee728b)
Start importing Assets/Scenes/GameScene.unity using Guid(9fc0d4010bbf28b4594072e72b8655ab) Importer(815301076,1909f56bfc062723c751e8b465ee728b)  -> (artifact id: '6850eb883e379443698009700bc1853d') in 0.020832 seconds 
  Import took 0.024483 seconds .

========================================================================
Received Import Request.
  Time since last request: 173.945558 seconds.
  path: Assets/Prefabs/Material
  artifactKey: Guid(90b5f689da485b54c9b96caedfc02eee) Importer(815301076,1909f56bfc062723c751e8b465ee728b)
Start importing Assets/Prefabs/Material using Guid(90b5f689da485b54c9b96caedfc02eee) Importer(815301076,1909f56bfc062723c751e8b465ee728b)  -> (artifact id: '1766a3d6cfe1e8f2a01dd4e583a2460c') in 0.019533 seconds 
  Import took 0.026277 seconds .

========================================================================
Received Import Request.
  Time since last request: 33.641281 seconds.
  path: Assets/MODEL/Models/FBX format
  artifactKey: Guid(8a8f5c70526eec34cb0553edadfebb47) Importer(815301076,1909f56bfc062723c751e8b465ee728b)
Start importing Assets/MODEL/Models/FBX format using Guid(8a8f5c70526eec34cb0553edadfebb47) Importer(815301076,1909f56bfc062723c751e8b465ee728b)  -> (artifact id: '2213b822893e5e08f20b81987cc70b9b') in 0.017895 seconds 
  Import took 0.023032 seconds .

========================================================================
Received Import Request.
  Time since last request: 0.079461 seconds.
  path: Assets/MODEL/Models/FBX format/machine_generatorLarge.fbx
  artifactKey: Guid(30b87f43ba9dfc947bb0acfbdff61688) Importer(815301076,1909f56bfc062723c751e8b465ee728b)
Start importing Assets/MODEL/Models/FBX format/machine_generatorLarge.fbx using Guid(30b87f43ba9dfc947bb0acfbdff61688) Importer(815301076,1909f56bfc062723c751e8b465ee728b)  -> (artifact id: 'b90a10ed566127283b1342016effc997') in 0.246260 seconds 
  Import took 0.264577 seconds .

========================================================================
Received Prepare
Registering precompiled user dll's ...
Registered in 0.006608 seconds.
Begin MonoManager ReloadAssembly
Native extension for WindowsStandalone target not found
Refreshing native plugins compatible for Editor in 0.68 ms, found 2 plugins.
Preloading 0 native plugins for Editor in 0.00 ms.
Mono: successfully reloaded assembly
- Completed reload, in  1.624 seconds
Domain Reload Profiling:
	ReloadAssembly (1625ms)
		BeginReloadAssembly (128ms)
			ExecutionOrderSort (0ms)
			DisableScriptedObjects (4ms)
			BackupInstance (0ms)
			ReleaseScriptingObjects (0ms)
			CreateAndSetChildDomain (37ms)
		EndReloadAssembly (1423ms)
			LoadAssemblies (107ms)
			RebuildTransferFunctionScriptingTraits (0ms)
			SetupTypeCache (315ms)
			ReleaseScriptCaches (6ms)
			RebuildScriptCaches (127ms)
			SetupLoadedEditorAssemblies (572ms)
				LogAssemblyErrors (0ms)
				InitializePlatformSupportModulesInManaged (9ms)
				SetLoadedEditorAssemblies (1ms)
				RefreshPlugins (1ms)
				BeforeProcessingInitializeOnLoad (147ms)
				ProcessInitializeOnLoadAttributes (383ms)
				ProcessInitializeOnLoadMethodAttributes (18ms)
				AfterProcessingInitializeOnLoad (13ms)
				EditorAssembliesLoaded (0ms)
			ExecutionOrderSort2 (0ms)
			AwakeInstancesAfterBackupRestoration (12ms)
Platform modules already initialized, skipping
Refreshing native plugins compatible for Editor in 0.76 ms, found 2 plugins.
Preloading 0 native plugins for Editor in 0.00 ms.
Unloading 1541 Unused Serialized files (Serialized files now loaded: 0)
System memory in use before: 84.2 MB.
System memory in use after: 84.3 MB.

Unloading 14 unused Assets to reduce memory usage. Loaded Objects now: 2015.
Total: 4.401000 ms (FindLiveObjects: 0.270700 ms CreateObjectMapping: 0.114900 ms MarkObjects: 3.983400 ms  DeleteObjects: 0.030700 ms)

AssetImportParameters requested are different than current active one (requested -> active):
  custom:framework-win-MediaFoundation: 216162199b28c13a410421893ffa2e32 -> 
  custom:video-decoder-ogg-theora: a1e56fd34408186e4bbccfd4996cb3dc -> 
  custom:container-muxer-webm: aa71ff27fc2769a1b78a27578f13a17b -> 
  custom:container-demuxer-webm: 4f35f7cbe854078d1ac9338744f61a02 -> 
  custom:container-demuxer-ogg: 62fdf1f143b41e24485cea50d1cbac27 -> 
  custom:video-encoder-webm-vp8: eb34c28f22e8b96e1ab97ce403110664 -> 
  custom:video-codec-MediaFoundation-h265: 746d11721c4dcdbdad8f713fa42b33f4 -> 
  custom:video-decoder-webm-vp8: 9c59270c3fd7afecdb556c50c9e8de78 -> 
  custom:audio-decoder-ogg-vorbis: bf7c407c2cedff20999df2af8eb42d56 -> 
  custom:audio-encoder-webm-vorbis: bf7c407c2cedff20999df2af8eb42d56 -> 
========================================================================
Received Import Request.
  Time since last request: 64.224289 seconds.
  path: Assets/Prefabs/rock_largeA.prefab
  artifactKey: Guid(49fb4094dbf1f37459812ba7f8b77103) Importer(815301076,1909f56bfc062723c751e8b465ee728b)
Start importing Assets/Prefabs/rock_largeA.prefab using Guid(49fb4094dbf1f37459812ba7f8b77103) Importer(815301076,1909f56bfc062723c751e8b465ee728b)  -> (artifact id: '04fbaec906b7008955d470b669878994') in 0.166492 seconds 
  Import took 0.172776 seconds .

========================================================================
Received Import Request.
  Time since last request: 216.051960 seconds.
  path: Assets/Prefabs/rock_crystals.prefab
  artifactKey: Guid(8da0b8354a7c7e6439c6f7d821a1be4b) Importer(815301076,1909f56bfc062723c751e8b465ee728b)
Start importing Assets/Prefabs/rock_crystals.prefab using Guid(8da0b8354a7c7e6439c6f7d821a1be4b) Importer(815301076,1909f56bfc062723c751e8b465ee728b)  -> (artifact id: '800eb0648040c2bf6793bacf95af739f') in 0.031330 seconds 
  Import took 0.035278 seconds .

========================================================================
Received Import Request.
  Time since last request: 7.420343 seconds.
  path: Assets/Prefabs/rock_crystalsLargeA.prefab
  artifactKey: Guid(9952ba17a72175a4ba358929b0911659) Importer(815301076,1909f56bfc062723c751e8b465ee728b)
Start importing Assets/Prefabs/rock_crystalsLargeA.prefab using Guid(9952ba17a72175a4ba358929b0911659) Importer(815301076,1909f56bfc062723c751e8b465ee728b)  -> (artifact id: 'e8db96ae7975b683b5338344d9e770ef') in 0.027048 seconds 
  Import took 0.032622 seconds .

========================================================================
Received Import Request.
  Time since last request: 4.333193 seconds.
  path: Assets/Prefabs/rock_crystalsLargeB.prefab
  artifactKey: Guid(48a4b6bb767e72f4382a82e7e2b38af6) Importer(815301076,1909f56bfc062723c751e8b465ee728b)
Start importing Assets/Prefabs/rock_crystalsLargeB.prefab using Guid(48a4b6bb767e72f4382a82e7e2b38af6) Importer(815301076,1909f56bfc062723c751e8b465ee728b)  -> (artifact id: '4a05bf0861eb2a28e61e60ea438a4704') in 0.029577 seconds 
  Import took 0.033611 seconds .

========================================================================
Received Import Request.
  Time since last request: 327.155183 seconds.
  path: Assets/Prefabs/hangar_largeB.prefab
  artifactKey: Guid(d18c42b8055e3824b9a8a822156a9aa6) Importer(815301076,1909f56bfc062723c751e8b465ee728b)
Start importing Assets/Prefabs/hangar_largeB.prefab using Guid(d18c42b8055e3824b9a8a822156a9aa6) Importer(815301076,1909f56bfc062723c751e8b465ee728b)  -> (artifact id: '5d55c87deca3dd6aa847f203d691cef1') in 0.033818 seconds 
  Import took 0.039004 seconds .

========================================================================
Received Import Request.
  Time since last request: 226.697451 seconds.
  path: Assets/Prefabs/Plane.prefab
  artifactKey: Guid(3d8817a18d6e6654aa94cdf4ee81b22e) Importer(815301076,1909f56bfc062723c751e8b465ee728b)
Start importing Assets/Prefabs/Plane.prefab using Guid(3d8817a18d6e6654aa94cdf4ee81b22e) Importer(815301076,1909f56bfc062723c751e8b465ee728b)  -> (artifact id: 'c0361c035d739771ba0bb38fde9ea47d') in 0.051685 seconds 
  Import took 0.058449 seconds .

========================================================================
Received Prepare
Registering precompiled user dll's ...
Registered in 0.012792 seconds.
Begin MonoManager ReloadAssembly
Native extension for WindowsStandalone target not found
Refreshing native plugins compatible for Editor in 0.95 ms, found 2 plugins.
Preloading 0 native plugins for Editor in 0.00 ms.
Mono: successfully reloaded assembly
- Completed reload, in  2.161 seconds
Domain Reload Profiling:
	ReloadAssembly (2163ms)
		BeginReloadAssembly (225ms)
			ExecutionOrderSort (0ms)
			DisableScriptedObjects (9ms)
			BackupInstance (0ms)
			ReleaseScriptingObjects (0ms)
			CreateAndSetChildDomain (72ms)
		EndReloadAssembly (1791ms)
			LoadAssemblies (218ms)
			RebuildTransferFunctionScriptingTraits (0ms)
			SetupTypeCache (693ms)
			ReleaseScriptCaches (3ms)
			RebuildScriptCaches (104ms)
			SetupLoadedEditorAssemblies (554ms)
				LogAssemblyErrors (0ms)
				InitializePlatformSupportModulesInManaged (10ms)
				SetLoadedEditorAssemblies (1ms)
				RefreshPlugins (1ms)
				BeforeProcessingInitializeOnLoad (177ms)
				ProcessInitializeOnLoadAttributes (339ms)
				ProcessInitializeOnLoadMethodAttributes (14ms)
				AfterProcessingInitializeOnLoad (11ms)
				EditorAssembliesLoaded (0ms)
			ExecutionOrderSort2 (0ms)
			AwakeInstancesAfterBackupRestoration (9ms)
Platform modules already initialized, skipping
Refreshing native plugins compatible for Editor in 0.63 ms, found 2 plugins.
Preloading 0 native plugins for Editor in 0.00 ms.
Unloading 1541 Unused Serialized files (Serialized files now loaded: 0)
System memory in use before: 87.5 MB.
System memory in use after: 87.6 MB.

Unloading 14 unused Assets to reduce memory usage. Loaded Objects now: 2025.
Total: 3.303300 ms (FindLiveObjects: 0.202900 ms CreateObjectMapping: 0.061700 ms MarkObjects: 3.011200 ms  DeleteObjects: 0.026200 ms)

AssetImportParameters requested are different than current active one (requested -> active):
  custom:framework-win-MediaFoundation: 216162199b28c13a410421893ffa2e32 -> 
  custom:video-decoder-ogg-theora: a1e56fd34408186e4bbccfd4996cb3dc -> 
  custom:container-muxer-webm: aa71ff27fc2769a1b78a27578f13a17b -> 
  custom:container-demuxer-webm: 4f35f7cbe854078d1ac9338744f61a02 -> 
  custom:container-demuxer-ogg: 62fdf1f143b41e24485cea50d1cbac27 -> 
  custom:video-encoder-webm-vp8: eb34c28f22e8b96e1ab97ce403110664 -> 
  custom:video-codec-MediaFoundation-h265: 746d11721c4dcdbdad8f713fa42b33f4 -> 
  custom:video-decoder-webm-vp8: 9c59270c3fd7afecdb556c50c9e8de78 -> 
  custom:audio-decoder-ogg-vorbis: bf7c407c2cedff20999df2af8eb42d56 -> 
  custom:audio-encoder-webm-vorbis: bf7c407c2cedff20999df2af8eb42d56 -> 
========================================================================
Received Import Request.
  Time since last request: 147.103879 seconds.
  path: Assets/Prefabs/Plane.prefab
  artifactKey: Guid(3d8817a18d6e6654aa94cdf4ee81b22e) Importer(815301076,1909f56bfc062723c751e8b465ee728b)
Start importing Assets/Prefabs/Plane.prefab using Guid(3d8817a18d6e6654aa94cdf4ee81b22e) Importer(815301076,1909f56bfc062723c751e8b465ee728b)  -> (artifact id: 'a696086e03d9fec6f5ee8dbbf0353324') in 0.104791 seconds 
  Import took 0.110726 seconds .

========================================================================
Received Import Request.
  Time since last request: 1.327437 seconds.
  path: Assets/Prefabs/Plane.prefab
  artifactKey: Guid(3d8817a18d6e6654aa94cdf4ee81b22e) Importer(815301076,1909f56bfc062723c751e8b465ee728b)
Start importing Assets/Prefabs/Plane.prefab using Guid(3d8817a18d6e6654aa94cdf4ee81b22e) Importer(815301076,1909f56bfc062723c751e8b465ee728b)  -> (artifact id: 'a2c5cf9046ce9d123f784e09fbe2929c') in 0.066181 seconds 
  Import took 0.078690 seconds .

========================================================================
Received Import Request.
  Time since last request: 1.899200 seconds.
  path: Assets/Prefabs/Plane.prefab
  artifactKey: Guid(3d8817a18d6e6654aa94cdf4ee81b22e) Importer(815301076,1909f56bfc062723c751e8b465ee728b)
Start importing Assets/Prefabs/Plane.prefab using Guid(3d8817a18d6e6654aa94cdf4ee81b22e) Importer(815301076,1909f56bfc062723c751e8b465ee728b)  -> (artifact id: '9a61280cee819a9295c317212270d574') in 0.060552 seconds 
  Import took 0.071227 seconds .

========================================================================
Received Import Request.
  Time since last request: 4.202177 seconds.
  path: Assets/Prefabs/Plane.prefab
  artifactKey: Guid(3d8817a18d6e6654aa94cdf4ee81b22e) Importer(815301076,1909f56bfc062723c751e8b465ee728b)
Start importing Assets/Prefabs/Plane.prefab using Guid(3d8817a18d6e6654aa94cdf4ee81b22e) Importer(815301076,1909f56bfc062723c751e8b465ee728b)  -> (artifact id: '8278b971ab55010e6bd23c55f61ded97') in 0.061677 seconds 
  Import took 0.068491 seconds .

========================================================================
Received Import Request.
  Time since last request: 4.012018 seconds.
  path: Assets/Prefabs/Plane.prefab
  artifactKey: Guid(3d8817a18d6e6654aa94cdf4ee81b22e) Importer(815301076,1909f56bfc062723c751e8b465ee728b)
Start importing Assets/Prefabs/Plane.prefab using Guid(3d8817a18d6e6654aa94cdf4ee81b22e) Importer(815301076,1909f56bfc062723c751e8b465ee728b)  -> (artifact id: 'fc006071e8e350227a61baa9322eb713') in 0.048501 seconds 
  Import took 0.054469 seconds .

========================================================================
Received Import Request.
  Time since last request: 3.228433 seconds.
  path: Assets/Prefabs/Plane.prefab
  artifactKey: Guid(3d8817a18d6e6654aa94cdf4ee81b22e) Importer(815301076,1909f56bfc062723c751e8b465ee728b)
Start importing Assets/Prefabs/Plane.prefab using Guid(3d8817a18d6e6654aa94cdf4ee81b22e) Importer(815301076,1909f56bfc062723c751e8b465ee728b)  -> (artifact id: '2e87c7c1e1e805b1a932fc0a46d30106') in 0.051385 seconds 
  Import took 0.058585 seconds .

========================================================================
Received Import Request.
  Time since last request: 1.406416 seconds.
  path: Assets/Prefabs/Plane.prefab
  artifactKey: Guid(3d8817a18d6e6654aa94cdf4ee81b22e) Importer(815301076,1909f56bfc062723c751e8b465ee728b)
Start importing Assets/Prefabs/Plane.prefab using Guid(3d8817a18d6e6654aa94cdf4ee81b22e) Importer(815301076,1909f56bfc062723c751e8b465ee728b)  -> (artifact id: 'c8400a9efd65605aaf8e30475ae68c92') in 0.062821 seconds 
  Import took 0.069069 seconds .

========================================================================
Received Import Request.
  Time since last request: 4.573613 seconds.
  path: Assets/Prefabs/Plane.prefab
  artifactKey: Guid(3d8817a18d6e6654aa94cdf4ee81b22e) Importer(815301076,1909f56bfc062723c751e8b465ee728b)
Start importing Assets/Prefabs/Plane.prefab using Guid(3d8817a18d6e6654aa94cdf4ee81b22e) Importer(815301076,1909f56bfc062723c751e8b465ee728b)  -> (artifact id: 'a785305281b01f260e0a85d9ec91430d') in 0.048044 seconds 
  Import took 0.055192 seconds .

========================================================================
Received Import Request.
  Time since last request: 0.978067 seconds.
  path: Assets/Prefabs/Plane.prefab
  artifactKey: Guid(3d8817a18d6e6654aa94cdf4ee81b22e) Importer(815301076,1909f56bfc062723c751e8b465ee728b)
Start importing Assets/Prefabs/Plane.prefab using Guid(3d8817a18d6e6654aa94cdf4ee81b22e) Importer(815301076,1909f56bfc062723c751e8b465ee728b)  -> (artifact id: '6d28b0910661df8c6ad1af2d5b9e89c1') in 0.176268 seconds 
  Import took 0.189410 seconds .

========================================================================
Received Import Request.
  Time since last request: 1.409928 seconds.
  path: Assets/Prefabs/Plane.prefab
  artifactKey: Guid(3d8817a18d6e6654aa94cdf4ee81b22e) Importer(815301076,1909f56bfc062723c751e8b465ee728b)
Start importing Assets/Prefabs/Plane.prefab using Guid(3d8817a18d6e6654aa94cdf4ee81b22e) Importer(815301076,1909f56bfc062723c751e8b465ee728b)  -> (artifact id: '20befbef6e1e1596f1dfa5261cdf91d9') in 0.043124 seconds 
  Import took 0.049873 seconds .

========================================================================
Received Import Request.
  Time since last request: 2.488593 seconds.
  path: Assets/Prefabs/Plane.prefab
  artifactKey: Guid(3d8817a18d6e6654aa94cdf4ee81b22e) Importer(815301076,1909f56bfc062723c751e8b465ee728b)
Start importing Assets/Prefabs/Plane.prefab using Guid(3d8817a18d6e6654aa94cdf4ee81b22e) Importer(815301076,1909f56bfc062723c751e8b465ee728b)  -> (artifact id: '5976b0a0a0eaea3d3c7d1952df4acbf8') in 0.058818 seconds 
  Import took 0.066957 seconds .

========================================================================
Received Import Request.
  Time since last request: 1.988546 seconds.
  path: Assets/Prefabs/Plane.prefab
  artifactKey: Guid(3d8817a18d6e6654aa94cdf4ee81b22e) Importer(815301076,1909f56bfc062723c751e8b465ee728b)
Start importing Assets/Prefabs/Plane.prefab using Guid(3d8817a18d6e6654aa94cdf4ee81b22e) Importer(815301076,1909f56bfc062723c751e8b465ee728b)  -> (artifact id: '7d5a271dc2d3a3d6dc5f9f45bab8c0c7') in 0.042660 seconds 
  Import took 0.048058 seconds .

========================================================================
Received Import Request.
  Time since last request: 0.562829 seconds.
  path: Assets/Prefabs/Plane.prefab
  artifactKey: Guid(3d8817a18d6e6654aa94cdf4ee81b22e) Importer(815301076,1909f56bfc062723c751e8b465ee728b)
Start importing Assets/Prefabs/Plane.prefab using Guid(3d8817a18d6e6654aa94cdf4ee81b22e) Importer(815301076,1909f56bfc062723c751e8b465ee728b)  -> (artifact id: '940aac18adf5f6e1cc2c4909c06300ff') in 0.050036 seconds 
  Import took 0.056734 seconds .

========================================================================
Received Import Request.
  Time since last request: 4.997435 seconds.
  path: Assets/Prefabs/Plane.prefab
  artifactKey: Guid(3d8817a18d6e6654aa94cdf4ee81b22e) Importer(815301076,1909f56bfc062723c751e8b465ee728b)
Start importing Assets/Prefabs/Plane.prefab using Guid(3d8817a18d6e6654aa94cdf4ee81b22e) Importer(815301076,1909f56bfc062723c751e8b465ee728b)  -> (artifact id: 'dbd661d609a5c08c25d4ad285218ddf2') in 0.053917 seconds 
  Import took 0.061816 seconds .

========================================================================
Received Import Request.
  Time since last request: 2.368645 seconds.
  path: Assets/Prefabs/Plane.prefab
  artifactKey: Guid(3d8817a18d6e6654aa94cdf4ee81b22e) Importer(815301076,1909f56bfc062723c751e8b465ee728b)
Start importing Assets/Prefabs/Plane.prefab using Guid(3d8817a18d6e6654aa94cdf4ee81b22e) Importer(815301076,1909f56bfc062723c751e8b465ee728b)  -> (artifact id: 'b010855affa2079a9b1649c272ccf788') in 0.053041 seconds 
  Import took 0.060060 seconds .

========================================================================
Received Import Request.
  Time since last request: 5.784570 seconds.
  path: Assets/Prefabs/Plane.prefab
  artifactKey: Guid(3d8817a18d6e6654aa94cdf4ee81b22e) Importer(815301076,1909f56bfc062723c751e8b465ee728b)
Start importing Assets/Prefabs/Plane.prefab using Guid(3d8817a18d6e6654aa94cdf4ee81b22e) Importer(815301076,1909f56bfc062723c751e8b465ee728b)  -> (artifact id: '91981c67b30ce92427ccfd3daa870639') in 0.042517 seconds 
  Import took 0.051178 seconds .

========================================================================
Received Import Request.
  Time since last request: 1.966298 seconds.
  path: Assets/Prefabs/Plane.prefab
  artifactKey: Guid(3d8817a18d6e6654aa94cdf4ee81b22e) Importer(815301076,1909f56bfc062723c751e8b465ee728b)
Start importing Assets/Prefabs/Plane.prefab using Guid(3d8817a18d6e6654aa94cdf4ee81b22e) Importer(815301076,1909f56bfc062723c751e8b465ee728b)  -> (artifact id: '56110c63fd0b68f34eb7e7dfd69faffb') in 0.047545 seconds 
  Import took 0.054781 seconds .

========================================================================
Received Import Request.
  Time since last request: 2.216375 seconds.
  path: Assets/Prefabs/Plane.prefab
  artifactKey: Guid(3d8817a18d6e6654aa94cdf4ee81b22e) Importer(815301076,1909f56bfc062723c751e8b465ee728b)
Start importing Assets/Prefabs/Plane.prefab using Guid(3d8817a18d6e6654aa94cdf4ee81b22e) Importer(815301076,1909f56bfc062723c751e8b465ee728b)  -> (artifact id: '9a52e5cc24986b49669de5c2265b06a5') in 0.053838 seconds 
  Import took 0.060700 seconds .

========================================================================
Received Import Request.
  Time since last request: 1.735285 seconds.
  path: Assets/Prefabs/Plane.prefab
  artifactKey: Guid(3d8817a18d6e6654aa94cdf4ee81b22e) Importer(815301076,1909f56bfc062723c751e8b465ee728b)
Start importing Assets/Prefabs/Plane.prefab using Guid(3d8817a18d6e6654aa94cdf4ee81b22e) Importer(815301076,1909f56bfc062723c751e8b465ee728b)  -> (artifact id: '10aee6b394a78fc58f5e25dd7af38dfd') in 0.043443 seconds 
  Import took 0.049591 seconds .

========================================================================
Received Import Request.
  Time since last request: 2.819757 seconds.
  path: Assets/Prefabs/Plane.prefab
  artifactKey: Guid(3d8817a18d6e6654aa94cdf4ee81b22e) Importer(815301076,1909f56bfc062723c751e8b465ee728b)
Start importing Assets/Prefabs/Plane.prefab using Guid(3d8817a18d6e6654aa94cdf4ee81b22e) Importer(815301076,1909f56bfc062723c751e8b465ee728b)  -> (artifact id: '1eed8209342f7306c4f05242dd64ab68') in 0.051725 seconds 
  Import took 0.059163 seconds .

========================================================================
Received Import Request.
  Time since last request: 5.649621 seconds.
  path: Assets/Prefabs/Plane.prefab
  artifactKey: Guid(3d8817a18d6e6654aa94cdf4ee81b22e) Importer(815301076,1909f56bfc062723c751e8b465ee728b)
Start importing Assets/Prefabs/Plane.prefab using Guid(3d8817a18d6e6654aa94cdf4ee81b22e) Importer(815301076,1909f56bfc062723c751e8b465ee728b)  -> (artifact id: 'c5ff7ada1b544a8b838d7a7e7489eac0') in 0.042651 seconds 
  Import took 0.051408 seconds .

========================================================================
Received Prepare
Registering precompiled user dll's ...
Registered in 0.006529 seconds.
Begin MonoManager ReloadAssembly
Native extension for WindowsStandalone target not found
Refreshing native plugins compatible for Editor in 0.60 ms, found 2 plugins.
Preloading 0 native plugins for Editor in 0.00 ms.
Mono: successfully reloaded assembly
- Completed reload, in  1.449 seconds
Domain Reload Profiling:
	ReloadAssembly (1449ms)
		BeginReloadAssembly (149ms)
			ExecutionOrderSort (0ms)
			DisableScriptedObjects (6ms)
			BackupInstance (0ms)
			ReleaseScriptingObjects (0ms)
			CreateAndSetChildDomain (46ms)
		EndReloadAssembly (1212ms)
			LoadAssemblies (116ms)
			RebuildTransferFunctionScriptingTraits (0ms)
			SetupTypeCache (478ms)
			ReleaseScriptCaches (1ms)
			RebuildScriptCaches (54ms)
			SetupLoadedEditorAssemblies (401ms)
				LogAssemblyErrors (0ms)
				InitializePlatformSupportModulesInManaged (6ms)
				SetLoadedEditorAssemblies (1ms)
				RefreshPlugins (1ms)
				BeforeProcessingInitializeOnLoad (102ms)
				ProcessInitializeOnLoadAttributes (270ms)
				ProcessInitializeOnLoadMethodAttributes (12ms)
				AfterProcessingInitializeOnLoad (9ms)
				EditorAssembliesLoaded (0ms)
			ExecutionOrderSort2 (0ms)
			AwakeInstancesAfterBackupRestoration (9ms)
Platform modules already initialized, skipping
Refreshing native plugins compatible for Editor in 0.70 ms, found 2 plugins.
Preloading 0 native plugins for Editor in 0.00 ms.
Unloading 1541 Unused Serialized files (Serialized files now loaded: 0)
System memory in use before: 87.9 MB.
System memory in use after: 88.0 MB.

Unloading 14 unused Assets to reduce memory usage. Loaded Objects now: 2028.
Total: 3.847100 ms (FindLiveObjects: 0.202900 ms CreateObjectMapping: 0.072800 ms MarkObjects: 3.544900 ms  DeleteObjects: 0.025000 ms)

AssetImportParameters requested are different than current active one (requested -> active):
  custom:framework-win-MediaFoundation: 216162199b28c13a410421893ffa2e32 -> 
  custom:video-decoder-ogg-theora: a1e56fd34408186e4bbccfd4996cb3dc -> 
  custom:container-muxer-webm: aa71ff27fc2769a1b78a27578f13a17b -> 
  custom:container-demuxer-webm: 4f35f7cbe854078d1ac9338744f61a02 -> 
  custom:container-demuxer-ogg: 62fdf1f143b41e24485cea50d1cbac27 -> 
  custom:video-encoder-webm-vp8: eb34c28f22e8b96e1ab97ce403110664 -> 
  custom:video-codec-MediaFoundation-h265: 746d11721c4dcdbdad8f713fa42b33f4 -> 
  custom:video-decoder-webm-vp8: 9c59270c3fd7afecdb556c50c9e8de78 -> 
  custom:audio-decoder-ogg-vorbis: bf7c407c2cedff20999df2af8eb42d56 -> 
  custom:audio-encoder-webm-vorbis: bf7c407c2cedff20999df2af8eb42d56 -> 
========================================================================
Received Import Request.
  Time since last request: 55.763355 seconds.
  path: Assets/Script/BossManager.cs
  artifactKey: Guid(0404f552f0832844cb59ece3d43151a1) Importer(815301076,1909f56bfc062723c751e8b465ee728b)
Start importing Assets/Script/BossManager.cs using Guid(0404f552f0832844cb59ece3d43151a1) Importer(815301076,1909f56bfc062723c751e8b465ee728b)  -> (artifact id: 'be9962095c40b043e7ab175bf199e404') in 0.017675 seconds 
  Import took 0.022389 seconds .

========================================================================
Received Prepare
Registering precompiled user dll's ...
Registered in 0.017549 seconds.
Begin MonoManager ReloadAssembly
Native extension for WindowsStandalone target not found
Refreshing native plugins compatible for Editor in 0.60 ms, found 2 plugins.
Preloading 0 native plugins for Editor in 0.00 ms.
Mono: successfully reloaded assembly
- Completed reload, in  1.048 seconds
Domain Reload Profiling:
	ReloadAssembly (1049ms)
		BeginReloadAssembly (111ms)
			ExecutionOrderSort (0ms)
			DisableScriptedObjects (5ms)
			BackupInstance (0ms)
			ReleaseScriptingObjects (0ms)
			CreateAndSetChildDomain (31ms)
		EndReloadAssembly (870ms)
			LoadAssemblies (94ms)
			RebuildTransferFunctionScriptingTraits (0ms)
			SetupTypeCache (311ms)
			ReleaseScriptCaches (1ms)
			RebuildScriptCaches (42ms)
			SetupLoadedEditorAssemblies (313ms)
				LogAssemblyErrors (0ms)
				InitializePlatformSupportModulesInManaged (5ms)
				SetLoadedEditorAssemblies (1ms)
				RefreshPlugins (1ms)
				BeforeProcessingInitializeOnLoad (82ms)
				ProcessInitializeOnLoadAttributes (205ms)
				ProcessInitializeOnLoadMethodAttributes (11ms)
				AfterProcessingInitializeOnLoad (8ms)
				EditorAssembliesLoaded (0ms)
			ExecutionOrderSort2 (0ms)
			AwakeInstancesAfterBackupRestoration (7ms)
Platform modules already initialized, skipping
Refreshing native plugins compatible for Editor in 0.56 ms, found 2 plugins.
Preloading 0 native plugins for Editor in 0.00 ms.
Unloading 1541 Unused Serialized files (Serialized files now loaded: 0)
System memory in use before: 87.9 MB.
System memory in use after: 88.0 MB.

Unloading 14 unused Assets to reduce memory usage. Loaded Objects now: 2030.
Total: 2.969200 ms (FindLiveObjects: 0.180500 ms CreateObjectMapping: 0.049000 ms MarkObjects: 2.719000 ms  DeleteObjects: 0.019600 ms)

AssetImportParameters requested are different than current active one (requested -> active):
  custom:framework-win-MediaFoundation: 216162199b28c13a410421893ffa2e32 -> 
  custom:video-decoder-ogg-theora: a1e56fd34408186e4bbccfd4996cb3dc -> 
  custom:container-muxer-webm: aa71ff27fc2769a1b78a27578f13a17b -> 
  custom:container-demuxer-webm: 4f35f7cbe854078d1ac9338744f61a02 -> 
  custom:container-demuxer-ogg: 62fdf1f143b41e24485cea50d1cbac27 -> 
  custom:video-encoder-webm-vp8: eb34c28f22e8b96e1ab97ce403110664 -> 
  custom:video-codec-MediaFoundation-h265: 746d11721c4dcdbdad8f713fa42b33f4 -> 
  custom:video-decoder-webm-vp8: 9c59270c3fd7afecdb556c50c9e8de78 -> 
  custom:audio-decoder-ogg-vorbis: bf7c407c2cedff20999df2af8eb42d56 -> 
  custom:audio-encoder-webm-vorbis: bf7c407c2cedff20999df2af8eb42d56 -> 
========================================================================
Received Import Request.
  Time since last request: 189.489494 seconds.
  path: Assets/Prefabs/Plane.prefab
  artifactKey: Guid(3d8817a18d6e6654aa94cdf4ee81b22e) Importer(815301076,1909f56bfc062723c751e8b465ee728b)
Start importing Assets/Prefabs/Plane.prefab using Guid(3d8817a18d6e6654aa94cdf4ee81b22e) Importer(815301076,1909f56bfc062723c751e8b465ee728b)  -> (artifact id: 'a2df29ed73b946cae2265fff651d16c6') in 0.391198 seconds 
  Import took 0.400377 seconds .

========================================================================
Received Prepare
Registering precompiled user dll's ...
Registered in 0.005072 seconds.
Begin MonoManager ReloadAssembly
Native extension for WindowsStandalone target not found
Refreshing native plugins compatible for Editor in 0.59 ms, found 2 plugins.
Preloading 0 native plugins for Editor in 0.00 ms.
Mono: successfully reloaded assembly
- Completed reload, in  1.397 seconds
Domain Reload Profiling:
	ReloadAssembly (1397ms)
		BeginReloadAssembly (119ms)
			ExecutionOrderSort (0ms)
			DisableScriptedObjects (5ms)
			BackupInstance (0ms)
			ReleaseScriptingObjects (0ms)
			CreateAndSetChildDomain (35ms)
		EndReloadAssembly (1212ms)
			LoadAssemblies (92ms)
			RebuildTransferFunctionScriptingTraits (0ms)
			SetupTypeCache (639ms)
			ReleaseScriptCaches (1ms)
			RebuildScriptCaches (46ms)
			SetupLoadedEditorAssemblies (320ms)
				LogAssemblyErrors (0ms)
				InitializePlatformSupportModulesInManaged (5ms)
				SetLoadedEditorAssemblies (1ms)
				RefreshPlugins (1ms)
				BeforeProcessingInitializeOnLoad (80ms)
				ProcessInitializeOnLoadAttributes (217ms)
				ProcessInitializeOnLoadMethodAttributes (9ms)
				AfterProcessingInitializeOnLoad (7ms)
				EditorAssembliesLoaded (0ms)
			ExecutionOrderSort2 (0ms)
			AwakeInstancesAfterBackupRestoration (7ms)
Platform modules already initialized, skipping
Refreshing native plugins compatible for Editor in 0.54 ms, found 2 plugins.
Preloading 0 native plugins for Editor in 0.00 ms.
Unloading 1541 Unused Serialized files (Serialized files now loaded: 0)
System memory in use before: 87.9 MB.
System memory in use after: 88.0 MB.

Unloading 14 unused Assets to reduce memory usage. Loaded Objects now: 2033.
Total: 2.920100 ms (FindLiveObjects: 0.168300 ms CreateObjectMapping: 0.146700 ms MarkObjects: 2.582600 ms  DeleteObjects: 0.021300 ms)

AssetImportParameters requested are different than current active one (requested -> active):
  custom:framework-win-MediaFoundation: 216162199b28c13a410421893ffa2e32 -> 
  custom:video-decoder-ogg-theora: a1e56fd34408186e4bbccfd4996cb3dc -> 
  custom:container-muxer-webm: aa71ff27fc2769a1b78a27578f13a17b -> 
  custom:container-demuxer-webm: 4f35f7cbe854078d1ac9338744f61a02 -> 
  custom:container-demuxer-ogg: 62fdf1f143b41e24485cea50d1cbac27 -> 
  custom:video-encoder-webm-vp8: eb34c28f22e8b96e1ab97ce403110664 -> 
  custom:video-codec-MediaFoundation-h265: 746d11721c4dcdbdad8f713fa42b33f4 -> 
  custom:video-decoder-webm-vp8: 9c59270c3fd7afecdb556c50c9e8de78 -> 
  custom:audio-decoder-ogg-vorbis: bf7c407c2cedff20999df2af8eb42d56 -> 
  custom:audio-encoder-webm-vorbis: bf7c407c2cedff20999df2af8eb42d56 -> 
========================================================================
Received Import Request.
  Time since last request: 173.607162 seconds.
  path: Assets/Prefabs/Boss.prefab
  artifactKey: Guid(56a1645eb46bf3146a92cce93f92a4d7) Importer(815301076,1909f56bfc062723c751e8b465ee728b)
Start importing Assets/Prefabs/Boss.prefab using Guid(56a1645eb46bf3146a92cce93f92a4d7) Importer(815301076,1909f56bfc062723c751e8b465ee728b)  -> (artifact id: 'afe654874fd0e33bc4b5c47b8d75c262') in 0.067535 seconds 
  Import took 0.070769 seconds .

========================================================================
Received Prepare
Registering precompiled user dll's ...
Registered in 0.007308 seconds.
Begin MonoManager ReloadAssembly
Native extension for WindowsStandalone target not found
Refreshing native plugins compatible for Editor in 0.60 ms, found 2 plugins.
Preloading 0 native plugins for Editor in 0.00 ms.
Mono: successfully reloaded assembly
- Completed reload, in  1.563 seconds
Domain Reload Profiling:
	ReloadAssembly (1564ms)
		BeginReloadAssembly (161ms)
			ExecutionOrderSort (0ms)
			DisableScriptedObjects (16ms)
			BackupInstance (0ms)
			ReleaseScriptingObjects (0ms)
			CreateAndSetChildDomain (41ms)
		EndReloadAssembly (1295ms)
			LoadAssemblies (125ms)
			RebuildTransferFunctionScriptingTraits (0ms)
			SetupTypeCache (602ms)
			ReleaseScriptCaches (1ms)
			RebuildScriptCaches (52ms)
			SetupLoadedEditorAssemblies (385ms)
				LogAssemblyErrors (0ms)
				InitializePlatformSupportModulesInManaged (6ms)
				SetLoadedEditorAssemblies (1ms)
				RefreshPlugins (1ms)
				BeforeProcessingInitializeOnLoad (102ms)
				ProcessInitializeOnLoadAttributes (253ms)
				ProcessInitializeOnLoadMethodAttributes (12ms)
				AfterProcessingInitializeOnLoad (10ms)
				EditorAssembliesLoaded (0ms)
			ExecutionOrderSort2 (0ms)
			AwakeInstancesAfterBackupRestoration (9ms)
Platform modules already initialized, skipping
Refreshing native plugins compatible for Editor in 0.92 ms, found 2 plugins.
Preloading 0 native plugins for Editor in 0.00 ms.
Unloading 1541 Unused Serialized files (Serialized files now loaded: 0)
System memory in use before: 88.0 MB.
System memory in use after: 88.1 MB.

Unloading 14 unused Assets to reduce memory usage. Loaded Objects now: 2038.
Total: 3.802400 ms (FindLiveObjects: 0.205100 ms CreateObjectMapping: 0.060000 ms MarkObjects: 3.510000 ms  DeleteObjects: 0.025800 ms)

AssetImportParameters requested are different than current active one (requested -> active):
  custom:framework-win-MediaFoundation: 216162199b28c13a410421893ffa2e32 -> 
  custom:video-decoder-ogg-theora: a1e56fd34408186e4bbccfd4996cb3dc -> 
  custom:container-muxer-webm: aa71ff27fc2769a1b78a27578f13a17b -> 
  custom:container-demuxer-webm: 4f35f7cbe854078d1ac9338744f61a02 -> 
  custom:container-demuxer-ogg: 62fdf1f143b41e24485cea50d1cbac27 -> 
  custom:video-encoder-webm-vp8: eb34c28f22e8b96e1ab97ce403110664 -> 
  custom:video-codec-MediaFoundation-h265: 746d11721c4dcdbdad8f713fa42b33f4 -> 
  custom:video-decoder-webm-vp8: 9c59270c3fd7afecdb556c50c9e8de78 -> 
  custom:audio-decoder-ogg-vorbis: bf7c407c2cedff20999df2af8eb42d56 -> 
  custom:audio-encoder-webm-vorbis: bf7c407c2cedff20999df2af8eb42d56 -> 
========================================================================
Received Import Request.
  Time since last request: 65.363886 seconds.
  path: Assets/Prefabs/Plane.prefab
  artifactKey: Guid(3d8817a18d6e6654aa94cdf4ee81b22e) Importer(815301076,1909f56bfc062723c751e8b465ee728b)
Start importing Assets/Prefabs/Plane.prefab using Guid(3d8817a18d6e6654aa94cdf4ee81b22e) Importer(815301076,1909f56bfc062723c751e8b465ee728b)  -> (artifact id: '754d917897e8401f717ac9515f3db9a6') in 0.089879 seconds 
  Import took 0.096356 seconds .

========================================================================
Received Import Request.
  Time since last request: 27.592828 seconds.
  path: Assets/Script/Player.cs
  artifactKey: Guid(edac26a6ac0d59045b751c9eecd2ac02) Importer(815301076,1909f56bfc062723c751e8b465ee728b)
Start importing Assets/Script/Player.cs using Guid(edac26a6ac0d59045b751c9eecd2ac02) Importer(815301076,1909f56bfc062723c751e8b465ee728b)  -> (artifact id: 'd5a7c0c023f0adc085cf80fb891e4823') in 0.009698 seconds 
  Import took 0.015904 seconds .

========================================================================
Received Import Request.
  Time since last request: 23.888050 seconds.
  path: Assets/Script/LandScapeManager.cs
  artifactKey: Guid(c966c87057ab67144a34090bda752dfd) Importer(815301076,1909f56bfc062723c751e8b465ee728b)
Start importing Assets/Script/LandScapeManager.cs using Guid(c966c87057ab67144a34090bda752dfd) Importer(815301076,1909f56bfc062723c751e8b465ee728b)  -> (artifact id: 'a3ebc5291f71013f975b17aac74dff09') in 0.017533 seconds 
  Import took 0.022714 seconds .

========================================================================
Received Import Request.
  Time since last request: 5.866932 seconds.
  path: Assets/Script/HealthBonusManager.cs
  artifactKey: Guid(ad631d2da8d5561418059ff1ba9cf738) Importer(815301076,1909f56bfc062723c751e8b465ee728b)
Start importing Assets/Script/HealthBonusManager.cs using Guid(ad631d2da8d5561418059ff1ba9cf738) Importer(815301076,1909f56bfc062723c751e8b465ee728b)  -> (artifact id: '6081b4b12679b111668cc7e368af987a') in 0.272319 seconds 
  Import took 0.300138 seconds .

========================================================================
Received Import Request.
  Time since last request: 2.365441 seconds.
  path: Assets/Script/HealthBonus.cs
  artifactKey: Guid(b5312f2d2304811439e006a8c90c0975) Importer(815301076,1909f56bfc062723c751e8b465ee728b)
Start importing Assets/Script/HealthBonus.cs using Guid(b5312f2d2304811439e006a8c90c0975) Importer(815301076,1909f56bfc062723c751e8b465ee728b)  -> (artifact id: '3bda2f77045e60069b7507ceaa7b1a6b') in 0.024966 seconds 
  Import took 0.034167 seconds .

========================================================================
Received Import Request.
  Time since last request: 2.527940 seconds.
  path: Assets/Script/enemy.cs
  artifactKey: Guid(efc3c2ac5b5206c488bef897cce355c2) Importer(815301076,1909f56bfc062723c751e8b465ee728b)
Start importing Assets/Script/enemy.cs using Guid(efc3c2ac5b5206c488bef897cce355c2) Importer(815301076,1909f56bfc062723c751e8b465ee728b)  -> (artifact id: 'cdeaa34614af09def41bcbd48f74fb77') in 0.030006 seconds 
  Import took 0.035318 seconds .

========================================================================
Received Import Request.
  Time since last request: 1.744682 seconds.
  path: Assets/Script/EnemiesManager.cs
  artifactKey: Guid(7e57d8474cbbc5243b00260d08ecfafa) Importer(815301076,1909f56bfc062723c751e8b465ee728b)
Start importing Assets/Script/EnemiesManager.cs using Guid(7e57d8474cbbc5243b00260d08ecfafa) Importer(815301076,1909f56bfc062723c751e8b465ee728b)  -> (artifact id: '3c5b39862252370728461b350ecec8e9') in 0.027311 seconds 
  Import took 0.033357 seconds .

AssetImportWorkerClient::OnTransportError - code=2 error=End of file
